<?xml version="1.0" encoding="UTF-8"?>
<testng-results skipped="0" failed="4" total="6" passed="2">
  <reporter-output>
  </reporter-output>
  <suite name="Default suite" duration-ms="1447" started-at="2020-07-09T05:37:48Z" finished-at="2020-07-09T05:37:50Z">
    <groups>
    </groups>
    <test name="Default test" duration-ms="1447" started-at="2020-07-09T05:37:48Z" finished-at="2020-07-09T05:37:50Z">
      <class name="cn.nhsoft.amazoncloud.apitest.positem.ReceiveOrderSaveTest">
        <test-method status="PASS" signature="test_feed_1(java.lang.String, java.lang.Boolean, java.lang.String, java.lang.Integer, java.lang.String, java.lang.String, float, java.lang.String, java.lang.Integer, float, float, java.lang.String, java.lang.Integer, java.lang.String, java.lang.Integer, java.lang.String, java.lang.String, java.lang.String, java.lang.String, java.lang.String, java.lang.String, float, java.lang.String, java.lang.Integer, java.lang.Integer, java.lang.String, java.lang.String)[pri:0, instance:cn.nhsoft.amazoncloud.apitest.positem.ReceiveOrderSaveTest@543295b0]" name="test_feed_1" duration-ms="719" started-at="2020-07-09T13:37:49Z" data-provider="feeder" finished-at="2020-07-09T13:37:49Z">
          <params>
            <param index="0">
              <value>
                <![CDATA[1正常]]>
              </value>
            </param>
            <param index="1">
              <value>
                <![CDATA[false]]>
              </value>
            </param>
            <param index="2">
              <value>
                <![CDATA[管理中心]]>
              </value>
            </param>
            <param index="3">
              <value>
                <![CDATA[99]]>
              </value>
            </param>
            <param index="4">
              <value>
                <![CDATA[]]>
              </value>
            </param>
            <param index="5">
              <value>
                <![CDATA[测试]]>
              </value>
            </param>
            <param index="6">
              <value>
                <![CDATA[85.0]]>
              </value>
            </param>
            <param index="7">
              <value>
                <![CDATA[乐檬78]]>
              </value>
            </param>
            <param index="8">
              <value>
                <![CDATA[434403064]]>
              </value>
            </param>
            <param index="9">
              <value>
                <![CDATA[85.0]]>
              </value>
            </param>
            <param index="10">
              <value>
                <![CDATA[1.0]]>
              </value>
            </param>
            <param index="11">
              <value>
                <![CDATA[箱]]>
              </value>
            </param>
            <param index="12">
              <value>
                <![CDATA[0]]>
              </value>
            </param>
            <param index="13">
              <value>
                <![CDATA[PI4344990003434]]>
              </value>
            </param>
            <param index="14">
              <value>
                <![CDATA[1]]>
              </value>
            </param>
            <param index="15">
              <value>
                <![CDATA[制单]]>
              </value>
            </param>
            <param index="16">
              <value>
                <![CDATA[]]>
              </value>
            </param>
            <param index="17">
              <value>
                <![CDATA[]]>
              </value>
            </param>
            <param index="18">
              <value>
                <![CDATA[管理员]]>
              </value>
            </param>
            <param index="19">
              <value>
                <![CDATA[整单备注]]>
              </value>
            </param>
            <param index="20">
              <value>
                <![CDATA[]]>
              </value>
            </param>
            <param index="21">
              <value>
                <![CDATA[85.0]]>
              </value>
            </param>
            <param index="22">
              <value>
                <![CDATA[存储仓库]]>
              </value>
            </param>
            <param index="23">
              <value>
                <![CDATA[434400017]]>
              </value>
            </param>
            <param index="24">
              <value>
                <![CDATA[434400001]]>
              </value>
            </param>
            <param index="25">
              <value>
                <![CDATA[4344]]>
              </value>
            </param>
            <param index="26">
              <value>
                <![CDATA[0]]>
              </value>
            </param>
          </params>
          <reporter-output>
          </reporter-output>
        </test-method> <!-- test_feed_1 -->
        <test-method status="FAIL" signature="test_feed_1(java.lang.String, java.lang.Boolean, java.lang.String, java.lang.Integer, java.lang.String, java.lang.String, float, java.lang.String, java.lang.Integer, float, float, java.lang.String, java.lang.Integer, java.lang.String, java.lang.Integer, java.lang.String, java.lang.String, java.lang.String, java.lang.String, java.lang.String, java.lang.String, float, java.lang.String, java.lang.Integer, java.lang.Integer, java.lang.String, java.lang.String)[pri:0, instance:cn.nhsoft.amazoncloud.apitest.positem.ReceiveOrderSaveTest@543295b0]" name="test_feed_1" duration-ms="1" started-at="2020-07-09T13:37:49Z" data-provider="feeder" finished-at="2020-07-09T13:37:49Z">
          <params>
            <param index="0">
              <value>
                <![CDATA[2单品金额为空]]>
              </value>
            </param>
            <param index="1">
              <value>
                <![CDATA[false]]>
              </value>
            </param>
            <param index="2">
              <value>
                <![CDATA[管理中心]]>
              </value>
            </param>
            <param index="3">
              <value>
                <![CDATA[99]]>
              </value>
            </param>
            <param index="4">
              <value>
                <![CDATA[]]>
              </value>
            </param>
            <param index="5">
              <value>
                <![CDATA[测试]]>
              </value>
            </param>
            <param index="6">
              <value is-null="true"/>
            </param>
            <param index="7">
              <value>
                <![CDATA[乐檬78]]>
              </value>
            </param>
            <param index="8">
              <value>
                <![CDATA[434403064]]>
              </value>
            </param>
            <param index="9">
              <value>
                <![CDATA[85.0]]>
              </value>
            </param>
            <param index="10">
              <value>
                <![CDATA[1.0]]>
              </value>
            </param>
            <param index="11">
              <value>
                <![CDATA[箱]]>
              </value>
            </param>
            <param index="12">
              <value>
                <![CDATA[0]]>
              </value>
            </param>
            <param index="13">
              <value>
                <![CDATA[PI4344990003434]]>
              </value>
            </param>
            <param index="14">
              <value>
                <![CDATA[1]]>
              </value>
            </param>
            <param index="15">
              <value>
                <![CDATA[制单]]>
              </value>
            </param>
            <param index="16">
              <value>
                <![CDATA[]]>
              </value>
            </param>
            <param index="17">
              <value>
                <![CDATA[]]>
              </value>
            </param>
            <param index="18">
              <value>
                <![CDATA[管理员]]>
              </value>
            </param>
            <param index="19">
              <value>
                <![CDATA[整单备注]]>
              </value>
            </param>
            <param index="20">
              <value>
                <![CDATA[]]>
              </value>
            </param>
            <param index="21">
              <value>
                <![CDATA[85.0]]>
              </value>
            </param>
            <param index="22">
              <value>
                <![CDATA[存储仓库]]>
              </value>
            </param>
            <param index="23">
              <value>
                <![CDATA[434400017]]>
              </value>
            </param>
            <param index="24">
              <value>
                <![CDATA[434400001]]>
              </value>
            </param>
            <param index="25">
              <value>
                <![CDATA[4344]]>
              </value>
            </param>
            <param index="26">
              <value>
                <![CDATA[0]]>
              </value>
            </param>
          </params>
          <exception class="java.lang.IllegalArgumentException">
            <full-stacktrace>
              <![CDATA[java.lang.IllegalArgumentException
	at sun.reflect.NativeMethodAccessorImpl.invoke0(Native Method)
	at sun.reflect.NativeMethodAccessorImpl.invoke(Unknown Source)
	at sun.reflect.DelegatingMethodAccessorImpl.invoke(Unknown Source)
	at java.lang.reflect.Method.invoke(Unknown Source)
	at org.testng.internal.MethodInvocationHelper.invokeMethod(MethodInvocationHelper.java:86)
	at org.testng.internal.Invoker.invokeMethod(Invoker.java:643)
	at org.testng.internal.Invoker.invokeTestMethod(Invoker.java:820)
	at org.testng.internal.Invoker.invokeTestMethods(Invoker.java:1128)
	at org.testng.internal.TestMethodWorker.invokeTestMethods(TestMethodWorker.java:129)
	at org.testng.internal.TestMethodWorker.run(TestMethodWorker.java:112)
	at org.testng.TestRunner.privateRun(TestRunner.java:782)
	at org.testng.TestRunner.run(TestRunner.java:632)
	at org.testng.SuiteRunner.runTest(SuiteRunner.java:366)
	at org.testng.SuiteRunner.runSequentially(SuiteRunner.java:361)
	at org.testng.SuiteRunner.privateRun(SuiteRunner.java:319)
	at org.testng.SuiteRunner.run(SuiteRunner.java:268)
	at org.testng.SuiteRunnerWorker.runSuite(SuiteRunnerWorker.java:52)
	at org.testng.SuiteRunnerWorker.run(SuiteRunnerWorker.java:86)
	at org.testng.TestNG.runSuitesSequentially(TestNG.java:1244)
	at org.testng.TestNG.runSuitesLocally(TestNG.java:1169)
	at org.testng.TestNG.run(TestNG.java:1064)
	at org.testng.remote.AbstractRemoteTestNG.run(AbstractRemoteTestNG.java:132)
	at org.testng.remote.RemoteTestNG.initAndRun(RemoteTestNG.java:236)
	at org.testng.remote.RemoteTestNG.main(RemoteTestNG.java:81)
]]>
            </full-stacktrace>
          </exception> <!-- java.lang.IllegalArgumentException -->
          <reporter-output>
          </reporter-output>
        </test-method> <!-- test_feed_1 -->
        <test-method status="PASS" signature="test_feed_1(java.lang.String, java.lang.Boolean, java.lang.String, java.lang.Integer, java.lang.String, java.lang.String, float, java.lang.String, java.lang.Integer, float, float, java.lang.String, java.lang.Integer, java.lang.String, java.lang.Integer, java.lang.String, java.lang.String, java.lang.String, java.lang.String, java.lang.String, java.lang.String, float, java.lang.String, java.lang.Integer, java.lang.Integer, java.lang.String, java.lang.String)[pri:0, instance:cn.nhsoft.amazoncloud.apitest.positem.ReceiveOrderSaveTest@543295b0]" name="test_feed_1" duration-ms="142" started-at="2020-07-09T13:37:49Z" data-provider="feeder" finished-at="2020-07-09T13:37:49Z">
          <params>
            <param index="0">
              <value>
                <![CDATA[3商品名称为空]]>
              </value>
            </param>
            <param index="1">
              <value>
                <![CDATA[false]]>
              </value>
            </param>
            <param index="2">
              <value>
                <![CDATA[管理中心]]>
              </value>
            </param>
            <param index="3">
              <value>
                <![CDATA[99]]>
              </value>
            </param>
            <param index="4">
              <value>
                <![CDATA[]]>
              </value>
            </param>
            <param index="5">
              <value>
                <![CDATA[测试]]>
              </value>
            </param>
            <param index="6">
              <value>
                <![CDATA[85.0]]>
              </value>
            </param>
            <param index="7">
              <value>
                <![CDATA[]]>
              </value>
            </param>
            <param index="8">
              <value>
                <![CDATA[434403064]]>
              </value>
            </param>
            <param index="9">
              <value>
                <![CDATA[85.0]]>
              </value>
            </param>
            <param index="10">
              <value>
                <![CDATA[1.0]]>
              </value>
            </param>
            <param index="11">
              <value>
                <![CDATA[箱]]>
              </value>
            </param>
            <param index="12">
              <value>
                <![CDATA[0]]>
              </value>
            </param>
            <param index="13">
              <value>
                <![CDATA[PI4344990003434]]>
              </value>
            </param>
            <param index="14">
              <value>
                <![CDATA[1]]>
              </value>
            </param>
            <param index="15">
              <value>
                <![CDATA[制单]]>
              </value>
            </param>
            <param index="16">
              <value>
                <![CDATA[]]>
              </value>
            </param>
            <param index="17">
              <value>
                <![CDATA[]]>
              </value>
            </param>
            <param index="18">
              <value>
                <![CDATA[管理员]]>
              </value>
            </param>
            <param index="19">
              <value>
                <![CDATA[整单备注]]>
              </value>
            </param>
            <param index="20">
              <value>
                <![CDATA[]]>
              </value>
            </param>
            <param index="21">
              <value>
                <![CDATA[85.0]]>
              </value>
            </param>
            <param index="22">
              <value>
                <![CDATA[存储仓库]]>
              </value>
            </param>
            <param index="23">
              <value>
                <![CDATA[434400017]]>
              </value>
            </param>
            <param index="24">
              <value>
                <![CDATA[434400001]]>
              </value>
            </param>
            <param index="25">
              <value>
                <![CDATA[4344]]>
              </value>
            </param>
            <param index="26">
              <value>
                <![CDATA[0]]>
              </value>
            </param>
          </params>
          <reporter-output>
          </reporter-output>
        </test-method> <!-- test_feed_1 -->
        <test-method status="FAIL" signature="test_feed_1(java.lang.String, java.lang.Boolean, java.lang.String, java.lang.Integer, java.lang.String, java.lang.String, float, java.lang.String, java.lang.Integer, float, float, java.lang.String, java.lang.Integer, java.lang.String, java.lang.Integer, java.lang.String, java.lang.String, java.lang.String, java.lang.String, java.lang.String, java.lang.String, float, java.lang.String, java.lang.Integer, java.lang.Integer, java.lang.String, java.lang.String)[pri:0, instance:cn.nhsoft.amazoncloud.apitest.positem.ReceiveOrderSaveTest@543295b0]" name="test_feed_1" duration-ms="0" started-at="2020-07-09T13:37:49Z" data-provider="feeder" finished-at="2020-07-09T13:37:49Z">
          <params>
            <param index="0">
              <value>
                <![CDATA[4商品单价为空]]>
              </value>
            </param>
            <param index="1">
              <value>
                <![CDATA[false]]>
              </value>
            </param>
            <param index="2">
              <value>
                <![CDATA[管理中心]]>
              </value>
            </param>
            <param index="3">
              <value>
                <![CDATA[99]]>
              </value>
            </param>
            <param index="4">
              <value>
                <![CDATA[]]>
              </value>
            </param>
            <param index="5">
              <value>
                <![CDATA[测试]]>
              </value>
            </param>
            <param index="6">
              <value>
                <![CDATA[85.0]]>
              </value>
            </param>
            <param index="7">
              <value>
                <![CDATA[乐檬78]]>
              </value>
            </param>
            <param index="8">
              <value>
                <![CDATA[434403064]]>
              </value>
            </param>
            <param index="9">
              <value is-null="true"/>
            </param>
            <param index="10">
              <value>
                <![CDATA[1.0]]>
              </value>
            </param>
            <param index="11">
              <value>
                <![CDATA[箱]]>
              </value>
            </param>
            <param index="12">
              <value>
                <![CDATA[0]]>
              </value>
            </param>
            <param index="13">
              <value>
                <![CDATA[PI4344990003434]]>
              </value>
            </param>
            <param index="14">
              <value>
                <![CDATA[1]]>
              </value>
            </param>
            <param index="15">
              <value>
                <![CDATA[制单]]>
              </value>
            </param>
            <param index="16">
              <value>
                <![CDATA[]]>
              </value>
            </param>
            <param index="17">
              <value>
                <![CDATA[]]>
              </value>
            </param>
            <param index="18">
              <value>
                <![CDATA[管理员]]>
              </value>
            </param>
            <param index="19">
              <value>
                <![CDATA[整单备注]]>
              </value>
            </param>
            <param index="20">
              <value>
                <![CDATA[]]>
              </value>
            </param>
            <param index="21">
              <value>
                <![CDATA[85.0]]>
              </value>
            </param>
            <param index="22">
              <value>
                <![CDATA[存储仓库]]>
              </value>
            </param>
            <param index="23">
              <value>
                <![CDATA[434400017]]>
              </value>
            </param>
            <param index="24">
              <value>
                <![CDATA[434400001]]>
              </value>
            </param>
            <param index="25">
              <value>
                <![CDATA[4344]]>
              </value>
            </param>
            <param index="26">
              <value>
                <![CDATA[0]]>
              </value>
            </param>
          </params>
          <exception class="java.lang.IllegalArgumentException">
            <full-stacktrace>
              <![CDATA[java.lang.IllegalArgumentException
	at sun.reflect.NativeMethodAccessorImpl.invoke0(Native Method)
	at sun.reflect.NativeMethodAccessorImpl.invoke(Unknown Source)
	at sun.reflect.DelegatingMethodAccessorImpl.invoke(Unknown Source)
	at java.lang.reflect.Method.invoke(Unknown Source)
	at org.testng.internal.MethodInvocationHelper.invokeMethod(MethodInvocationHelper.java:86)
	at org.testng.internal.Invoker.invokeMethod(Invoker.java:643)
	at org.testng.internal.Invoker.invokeTestMethod(Invoker.java:820)
	at org.testng.internal.Invoker.invokeTestMethods(Invoker.java:1128)
	at org.testng.internal.TestMethodWorker.invokeTestMethods(TestMethodWorker.java:129)
	at org.testng.internal.TestMethodWorker.run(TestMethodWorker.java:112)
	at org.testng.TestRunner.privateRun(TestRunner.java:782)
	at org.testng.TestRunner.run(TestRunner.java:632)
	at org.testng.SuiteRunner.runTest(SuiteRunner.java:366)
	at org.testng.SuiteRunner.runSequentially(SuiteRunner.java:361)
	at org.testng.SuiteRunner.privateRun(SuiteRunner.java:319)
	at org.testng.SuiteRunner.run(SuiteRunner.java:268)
	at org.testng.SuiteRunnerWorker.runSuite(SuiteRunnerWorker.java:52)
	at org.testng.SuiteRunnerWorker.run(SuiteRunnerWorker.java:86)
	at org.testng.TestNG.runSuitesSequentially(TestNG.java:1244)
	at org.testng.TestNG.runSuitesLocally(TestNG.java:1169)
	at org.testng.TestNG.run(TestNG.java:1064)
	at org.testng.remote.AbstractRemoteTestNG.run(AbstractRemoteTestNG.java:132)
	at org.testng.remote.RemoteTestNG.initAndRun(RemoteTestNG.java:236)
	at org.testng.remote.RemoteTestNG.main(RemoteTestNG.java:81)
]]>
            </full-stacktrace>
          </exception> <!-- java.lang.IllegalArgumentException -->
          <reporter-output>
          </reporter-output>
        </test-method> <!-- test_feed_1 -->
        <test-method status="FAIL" signature="test_feed_1(java.lang.String, java.lang.Boolean, java.lang.String, java.lang.Integer, java.lang.String, java.lang.String, float, java.lang.String, java.lang.Integer, float, float, java.lang.String, java.lang.Integer, java.lang.String, java.lang.Integer, java.lang.String, java.lang.String, java.lang.String, java.lang.String, java.lang.String, java.lang.String, float, java.lang.String, java.lang.Integer, java.lang.Integer, java.lang.String, java.lang.String)[pri:0, instance:cn.nhsoft.amazoncloud.apitest.positem.ReceiveOrderSaveTest@543295b0]" name="test_feed_1" duration-ms="1" started-at="2020-07-09T13:37:49Z" data-provider="feeder" finished-at="2020-07-09T13:37:49Z">
          <params>
            <param index="0">
              <value>
                <![CDATA[5商品数量为空]]>
              </value>
            </param>
            <param index="1">
              <value>
                <![CDATA[false]]>
              </value>
            </param>
            <param index="2">
              <value>
                <![CDATA[管理中心]]>
              </value>
            </param>
            <param index="3">
              <value>
                <![CDATA[99]]>
              </value>
            </param>
            <param index="4">
              <value>
                <![CDATA[]]>
              </value>
            </param>
            <param index="5">
              <value>
                <![CDATA[测试]]>
              </value>
            </param>
            <param index="6">
              <value>
                <![CDATA[85.0]]>
              </value>
            </param>
            <param index="7">
              <value>
                <![CDATA[乐檬78]]>
              </value>
            </param>
            <param index="8">
              <value>
                <![CDATA[434403064]]>
              </value>
            </param>
            <param index="9">
              <value>
                <![CDATA[85.0]]>
              </value>
            </param>
            <param index="10">
              <value is-null="true"/>
            </param>
            <param index="11">
              <value>
                <![CDATA[箱]]>
              </value>
            </param>
            <param index="12">
              <value>
                <![CDATA[0]]>
              </value>
            </param>
            <param index="13">
              <value>
                <![CDATA[PI4344990003434]]>
              </value>
            </param>
            <param index="14">
              <value>
                <![CDATA[1]]>
              </value>
            </param>
            <param index="15">
              <value>
                <![CDATA[制单]]>
              </value>
            </param>
            <param index="16">
              <value>
                <![CDATA[]]>
              </value>
            </param>
            <param index="17">
              <value>
                <![CDATA[]]>
              </value>
            </param>
            <param index="18">
              <value>
                <![CDATA[管理员]]>
              </value>
            </param>
            <param index="19">
              <value>
                <![CDATA[整单备注]]>
              </value>
            </param>
            <param index="20">
              <value>
                <![CDATA[]]>
              </value>
            </param>
            <param index="21">
              <value>
                <![CDATA[85.0]]>
              </value>
            </param>
            <param index="22">
              <value>
                <![CDATA[存储仓库]]>
              </value>
            </param>
            <param index="23">
              <value>
                <![CDATA[434400017]]>
              </value>
            </param>
            <param index="24">
              <value>
                <![CDATA[434400001]]>
              </value>
            </param>
            <param index="25">
              <value>
                <![CDATA[4344]]>
              </value>
            </param>
            <param index="26">
              <value>
                <![CDATA[0]]>
              </value>
            </param>
          </params>
          <exception class="java.lang.IllegalArgumentException">
            <full-stacktrace>
              <![CDATA[java.lang.IllegalArgumentException
	at sun.reflect.NativeMethodAccessorImpl.invoke0(Native Method)
	at sun.reflect.NativeMethodAccessorImpl.invoke(Unknown Source)
	at sun.reflect.DelegatingMethodAccessorImpl.invoke(Unknown Source)
	at java.lang.reflect.Method.invoke(Unknown Source)
	at org.testng.internal.MethodInvocationHelper.invokeMethod(MethodInvocationHelper.java:86)
	at org.testng.internal.Invoker.invokeMethod(Invoker.java:643)
	at org.testng.internal.Invoker.invokeTestMethod(Invoker.java:820)
	at org.testng.internal.Invoker.invokeTestMethods(Invoker.java:1128)
	at org.testng.internal.TestMethodWorker.invokeTestMethods(TestMethodWorker.java:129)
	at org.testng.internal.TestMethodWorker.run(TestMethodWorker.java:112)
	at org.testng.TestRunner.privateRun(TestRunner.java:782)
	at org.testng.TestRunner.run(TestRunner.java:632)
	at org.testng.SuiteRunner.runTest(SuiteRunner.java:366)
	at org.testng.SuiteRunner.runSequentially(SuiteRunner.java:361)
	at org.testng.SuiteRunner.privateRun(SuiteRunner.java:319)
	at org.testng.SuiteRunner.run(SuiteRunner.java:268)
	at org.testng.SuiteRunnerWorker.runSuite(SuiteRunnerWorker.java:52)
	at org.testng.SuiteRunnerWorker.run(SuiteRunnerWorker.java:86)
	at org.testng.TestNG.runSuitesSequentially(TestNG.java:1244)
	at org.testng.TestNG.runSuitesLocally(TestNG.java:1169)
	at org.testng.TestNG.run(TestNG.java:1064)
	at org.testng.remote.AbstractRemoteTestNG.run(AbstractRemoteTestNG.java:132)
	at org.testng.remote.RemoteTestNG.initAndRun(RemoteTestNG.java:236)
	at org.testng.remote.RemoteTestNG.main(RemoteTestNG.java:81)
]]>
            </full-stacktrace>
          </exception> <!-- java.lang.IllegalArgumentException -->
          <reporter-output>
          </reporter-output>
        </test-method> <!-- test_feed_1 -->
        <test-method status="FAIL" signature="test_feed_1(java.lang.String, java.lang.Boolean, java.lang.String, java.lang.Integer, java.lang.String, java.lang.String, float, java.lang.String, java.lang.Integer, float, float, java.lang.String, java.lang.Integer, java.lang.String, java.lang.Integer, java.lang.String, java.lang.String, java.lang.String, java.lang.String, java.lang.String, java.lang.String, float, java.lang.String, java.lang.Integer, java.lang.Integer, java.lang.String, java.lang.String)[pri:0, instance:cn.nhsoft.amazoncloud.apitest.positem.ReceiveOrderSaveTest@543295b0]" name="test_feed_1" duration-ms="30" started-at="2020-07-09T13:37:49Z" data-provider="feeder" finished-at="2020-07-09T13:37:49Z">
          <params>
            <param index="0">
              <value>
                <![CDATA[6商品单位为空]]>
              </value>
            </param>
            <param index="1">
              <value>
                <![CDATA[false]]>
              </value>
            </param>
            <param index="2">
              <value>
                <![CDATA[管理中心]]>
              </value>
            </param>
            <param index="3">
              <value>
                <![CDATA[99]]>
              </value>
            </param>
            <param index="4">
              <value>
                <![CDATA[]]>
              </value>
            </param>
            <param index="5">
              <value>
                <![CDATA[测试]]>
              </value>
            </param>
            <param index="6">
              <value>
                <![CDATA[85.0]]>
              </value>
            </param>
            <param index="7">
              <value>
                <![CDATA[乐檬78]]>
              </value>
            </param>
            <param index="8">
              <value>
                <![CDATA[434403064]]>
              </value>
            </param>
            <param index="9">
              <value>
                <![CDATA[85.0]]>
              </value>
            </param>
            <param index="10">
              <value>
                <![CDATA[1.0]]>
              </value>
            </param>
            <param index="11">
              <value>
                <![CDATA[#null#]]>
              </value>
            </param>
            <param index="12">
              <value>
                <![CDATA[0]]>
              </value>
            </param>
            <param index="13">
              <value>
                <![CDATA[PI4344990003434]]>
              </value>
            </param>
            <param index="14">
              <value>
                <![CDATA[1]]>
              </value>
            </param>
            <param index="15">
              <value>
                <![CDATA[制单]]>
              </value>
            </param>
            <param index="16">
              <value>
                <![CDATA[]]>
              </value>
            </param>
            <param index="17">
              <value>
                <![CDATA[]]>
              </value>
            </param>
            <param index="18">
              <value>
                <![CDATA[管理员]]>
              </value>
            </param>
            <param index="19">
              <value>
                <![CDATA[整单备注]]>
              </value>
            </param>
            <param index="20">
              <value>
                <![CDATA[]]>
              </value>
            </param>
            <param index="21">
              <value>
                <![CDATA[85.0]]>
              </value>
            </param>
            <param index="22">
              <value>
                <![CDATA[存储仓库]]>
              </value>
            </param>
            <param index="23">
              <value>
                <![CDATA[434400017]]>
              </value>
            </param>
            <param index="24">
              <value>
                <![CDATA[434400001]]>
              </value>
            </param>
            <param index="25">
              <value>
                <![CDATA[4344]]>
              </value>
            </param>
            <param index="26">
              <value>
                <![CDATA[0]]>
              </value>
            </param>
          </params>
          <exception class="java.lang.AssertionError">
            <message>
              <![CDATA[expected:<0> but was:<10003>]]>
            </message>
            <full-stacktrace>
              <![CDATA[java.lang.AssertionError: expected:<0> but was:<10003>
	at org.testng.AssertJUnit.assertEquals(AssertJUnit.java:101)
	at org.testng.AssertJUnit.assertEquals(AssertJUnit.java:108)
	at cn.nhsoft.amazoncloud.apitest.positem.ReceiveOrderSaveTest.test_feed_1(ReceiveOrderSaveTest.java:100)
	at sun.reflect.NativeMethodAccessorImpl.invoke0(Native Method)
	at sun.reflect.NativeMethodAccessorImpl.invoke(Unknown Source)
	at sun.reflect.DelegatingMethodAccessorImpl.invoke(Unknown Source)
	at java.lang.reflect.Method.invoke(Unknown Source)
	at org.testng.internal.MethodInvocationHelper.invokeMethod(MethodInvocationHelper.java:86)
	at org.testng.internal.Invoker.invokeMethod(Invoker.java:643)
	at org.testng.internal.Invoker.invokeTestMethod(Invoker.java:820)
	at org.testng.internal.Invoker.invokeTestMethods(Invoker.java:1128)
	at org.testng.internal.TestMethodWorker.invokeTestMethods(TestMethodWorker.java:129)
	at org.testng.internal.TestMethodWorker.run(TestMethodWorker.java:112)
	at org.testng.TestRunner.privateRun(TestRunner.java:782)
	at org.testng.TestRunner.run(TestRunner.java:632)
	at org.testng.SuiteRunner.runTest(SuiteRunner.java:366)
	at org.testng.SuiteRunner.runSequentially(SuiteRunner.java:361)
	at org.testng.SuiteRunner.privateRun(SuiteRunner.java:319)
	at org.testng.SuiteRunner.run(SuiteRunner.java:268)
	at org.testng.SuiteRunnerWorker.runSuite(SuiteRunnerWorker.java:52)
	at org.testng.SuiteRunnerWorker.run(SuiteRunnerWorker.java:86)
	at org.testng.TestNG.runSuitesSequentially(TestNG.java:1244)
	at org.testng.TestNG.runSuitesLocally(TestNG.java:1169)
	at org.testng.TestNG.run(TestNG.java:1064)
	at org.testng.remote.AbstractRemoteTestNG.run(AbstractRemoteTestNG.java:132)
	at org.testng.remote.RemoteTestNG.initAndRun(RemoteTestNG.java:236)
	at org.testng.remote.RemoteTestNG.main(RemoteTestNG.java:81)
]]>
            </full-stacktrace>
          </exception> <!-- java.lang.AssertionError -->
          <reporter-output>
          </reporter-output>
        </test-method> <!-- test_feed_1 -->
      </class> <!-- cn.nhsoft.amazoncloud.apitest.positem.ReceiveOrderSaveTest -->
    </test> <!-- Default test -->
  </suite> <!-- Default suite -->
</testng-results>
